<?xml version="1.0" encoding="UTF-8"?>
<!-- Generated by org.testng.reporters.JUnitReportReporter -->
<testsuite skipped="0" hostname="LAPTOP-QCTG5I1M" name="com.wbl.SearchResultDetailPageTest" tests="1" failures="0" timestamp="18 Feb 2018 23:02:39 GMT" time="49.024" errors="0">
  <testcase name="imagePresentTest" time="49.024" classname="com.wbl.SearchResultDetailPageTest"/>
</testsuite> <!-- com.wbl.SearchResultDetailPageTest -->
