<?xml version="1.0" encoding="UTF-8"?>
<!-- Generated by org.testng.reporters.JUnitReportReporter -->
<testsuite skipped="0" hostname="LAPTOP-QCTG5I1M" name="com.wbl.SearchResultsPageTest" tests="1" failures="0" timestamp="23 Feb 2018 14:51:10 GMT" time="27.507" errors="0">
  <testcase name="clickSearchResultTest" time="27.507" classname="com.wbl.SearchResultsPageTest"/>
</testsuite> <!-- com.wbl.SearchResultsPageTest -->
